2025-10-13 07:14:40.456176 (245251) main____ INFO    ----------------------------------------
2025-10-13 07:14:40.456392 (245251) main____ INFO    JasperGold version info
2025-10-13 07:14:40.456420 (245251) main____ INFO      tool      : JasperGold 2020.06
2025-10-13 07:14:40.456448 (245251) main____ INFO      version   : 2020.06p002 64 bits
2025-10-13 07:14:40.456468 (245251) main____ INFO      build date: 2020.08.25 18:12:38 PDT
2025-10-13 07:14:40.456482 (245251) main____ INFO    ----------------------------------------
2025-10-13 07:14:40.456495 (245251) main____ INFO    Runtime info:
2025-10-13 07:14:40.456512 (245251) main____ INFO      platform  : Linux 3.10.0-1160.2.2.el7.x86_64 x86_64
2025-10-13 07:14:40.456534 (245251) main____ INFO      hostname  : kdt-utility04
2025-10-13 07:14:40.456549 (245251) main____ INFO      pid       : 245251
2025-10-13 07:14:40.456564 (245251) main____ INFO      arguments : '-style' 'windows' '-superlint' 'superlint.tcl'
2025-10-13 07:14:40.456586 (245251) main____ INFO      locale    : UTF-8
2025-10-13 07:14:40.456600 (245251) main____ INFO    ----------------------------------------
2025-10-13 07:14:40.456613 (245251) main____ INFO    System resource limits info:
2025-10-13 07:14:40.456628 (245251) main____ INFO      virtual memory: unlimited
2025-10-13 07:14:40.456643 (245251) main____ INFO      cpu time      : unlimited
2025-10-13 07:14:40.456673 (245251) main____ INFO      stack size    : 8388608 B
2025-10-13 07:14:40.456688 (245251) main____ INFO      core file size: unlimited
2025-10-13 07:14:40.456715 (245251) main____ INFO      open files    : 4096
2025-10-13 07:14:40.456736 (245251) main____ INFO      file size     : unlimited
2025-10-13 07:14:40.456749 (245251) main____ INFO    ----------------------------------------
2025-10-13 07:14:40.456762 (245251) main____ INFO    Memory statistics:
2025-10-13 07:14:40.456775 (245251) main____ INFO      total physical memory  : 197370336 kB
2025-10-13 07:14:40.456788 (245251) main____ INFO      free physical memory   : 582280 kB
2025-10-13 07:14:40.456801 (245251) main____ INFO      committed address space: 182932996 kB
2025-10-13 07:14:40.456813 (245251) main____ INFO    ----------------------------------------
2025-10-13 07:14:40.456923 (245251) main____ INFO    Important environment variables:
2025-10-13 07:14:40.456972 (245251) main____ INFO      CDS_LIC_FILE   : '5280@kdt-license01:5280@njlic03'
2025-10-13 07:14:40.456994 (245251) main____ INFO      DISPLAY        : ':8'
2025-10-13 07:14:40.457014 (245251) main____ INFO      LANG           : 'en_US.UTF-8'
2025-10-13 07:14:40.457034 (245251) main____ INFO      LM_LICENSE_FILE: '5280@kdt-license01:5280@njlic03'
2025-10-13 07:14:40.457058 (245251) main____ INFO      LSF_BINDIR     : '/grid/sfi/farm/CLUSTERS/kdtlsf01/10.1.8/10.1.8/linux3.10-glibc2.17-x86_64/bin'
2025-10-13 07:14:40.457073 (245251) main____ INFO    ----------------------------------------
2025-10-13 07:14:40.457874 (245251) lic_core INFO    Initializing license system ...
2025-10-13 07:14:40.461383 (245251) lic_core INFO    ... license system initialized.
2025-10-13 07:14:40.463452 (245251) lic__man INFO    Claim 'main' for <ui>.
2025-10-13 07:14:40.463513 (245251) lic_core INFO    (1) checking out 'jasper_interactive' ...
2025-10-13 07:14:40.492028 (245251) lic_core INFO    ... (1) checkout succeeded
2025-10-13 07:14:40.492167 (245251) lic__man INFO    Claim 'superlint' for <ui>.
2025-10-13 07:14:40.492211 (245251) lic_core INFO    (2) checking out 'jasper_afl' ...
2025-10-13 07:14:40.519320 (245251) lic_core INFO    ... (2) checkout succeeded
2025-10-13 07:14:40.521337 (245251) main____ INFO    Tool inactivity delay is 480000 ms.
2025-10-13 07:14:41.466953 (245251) lic__man INFO    Claim 'superlint' for <ui>.
2025-10-13 07:14:41.861213 (245251) lic__man INFO    Unclaim 'superlint' for <ui>.
2025-10-13 07:14:41.861266 (245251) lic__man INFO    Claim 'superlint' for <ui>.
2025-10-13 07:14:41.870364 (245251) session_ INFO    Starting analysis session with session id 'session_0' (launcher: <local>) ...
2025-10-13 07:14:41.872024 (245251) session_ INFO    Analysis session with session id 'session_0' started (pid: 245299)
2025-10-13 07:14:43.154151 (245251) session_ INFO    Analysis session 'session_0' connected to the console (host: 127.0.0.1:33422)
2025-10-13 07:14:56.339482 (245251) main____ INFO    About to exit: requested from GUI
2025-10-13 07:14:56.550658 (245251) session_ INFO    Analysis session 'session_0' disconnected.
2025-10-13 07:14:56.558624 (245251) main____ INFO    Exiting with status 0.
